{"/mnt/c/Users/dilaw/Documents/systemutvikling2/miniprosjekt/miniprosjekth19/server/src/DAO/dao.js": {"path":"/mnt/c/Users/dilaw/Documents/systemutvikling2/miniprosjekt/miniprosjekth19/server/src/DAO/dao.js","statementMap":{"0":{"start":{"line":3,"column":0},"end":{"line":30,"column":2}},"1":{"start":{"line":6,"column":4},"end":{"line":6,"column":21}},"2":{"start":{"line":10,"column":4},"end":{"line":28,"column":7}},"3":{"start":{"line":11,"column":6},"end":{"line":11,"column":48}},"4":{"start":{"line":12,"column":6},"end":{"line":27,"column":7}},"5":{"start":{"line":13,"column":8},"end":{"line":13,"column":45}},"6":{"start":{"line":14,"column":8},"end":{"line":14,"column":60}},"7":{"start":{"line":16,"column":8},"end":{"line":16,"column":48}},"8":{"start":{"line":17,"column":8},"end":{"line":26,"column":11}},"9":{"start":{"line":18,"column":10},"end":{"line":18,"column":31}},"10":{"start":{"line":19,"column":10},"end":{"line":25,"column":11}},"11":{"start":{"line":20,"column":12},"end":{"line":20,"column":29}},"12":{"start":{"line":21,"column":12},"end":{"line":21,"column":55}},"13":{"start":{"line":23,"column":12},"end":{"line":23,"column":47}},"14":{"start":{"line":24,"column":12},"end":{"line":24,"column":32}}},"fnMap":{"0":{"name":"(anonymous_0)","decl":{"start":{"line":4,"column":2},"end":{"line":4,"column":3}},"loc":{"start":{"line":4,"column":20},"end":{"line":7,"column":3}},"line":4},"1":{"name":"(anonymous_1)","decl":{"start":{"line":9,"column":2},"end":{"line":9,"column":3}},"loc":{"start":{"line":9,"column":53},"end":{"line":29,"column":3}},"line":9},"2":{"name":"(anonymous_2)","decl":{"start":{"line":10,"column":28},"end":{"line":10,"column":29}},"loc":{"start":{"line":10,"column":63},"end":{"line":28,"column":5}},"line":10},"3":{"name":"(anonymous_3)","decl":{"start":{"line":17,"column":38},"end":{"line":17,"column":39}},"loc":{"start":{"line":17,"column":65},"end":{"line":26,"column":9}},"line":17}},"branchMap":{"0":{"loc":{"start":{"line":12,"column":6},"end":{"line":27,"column":7}},"type":"if","locations":[{"start":{"line":12,"column":6},"end":{"line":27,"column":7}},{"start":{"line":12,"column":6},"end":{"line":27,"column":7}}],"line":12},"1":{"loc":{"start":{"line":19,"column":10},"end":{"line":25,"column":11}},"type":"if","locations":[{"start":{"line":19,"column":10},"end":{"line":25,"column":11}},{"start":{"line":19,"column":10},"end":{"line":25,"column":11}}],"line":19}},"s":{"0":1,"1":1,"2":0,"3":0,"4":0,"5":0,"6":0,"7":0,"8":0,"9":0,"10":0,"11":0,"12":0,"13":0,"14":0},"f":{"0":1,"1":0,"2":0,"3":0},"b":{"0":[0,0],"1":[0,0]},"_coverageSchema":"43e27e138ebf9cfc5966b082cf9a028302ed4184","hash":"2c5aa78a1561346dc88c31ec872194412d21b18b"}
,"/mnt/c/Users/dilaw/Documents/systemutvikling2/miniprosjekt/miniprosjekth19/server/src/DAO/nyhetssakdao.js": {"path":"/mnt/c/Users/dilaw/Documents/systemutvikling2/miniprosjekt/miniprosjekth19/server/src/DAO/nyhetssakdao.js","statementMap":{"0":{"start":{"line":3,"column":12},"end":{"line":3,"column":31}},"1":{"start":{"line":5,"column":0},"end":{"line":85,"column":2}},"2":{"start":{"line":7,"column":8},"end":{"line":11,"column":10}},"3":{"start":{"line":15,"column":8},"end":{"line":19,"column":10}},"4":{"start":{"line":23,"column":8},"end":{"line":27,"column":10}},"5":{"start":{"line":31,"column":8},"end":{"line":35,"column":10}},"6":{"start":{"line":39,"column":8},"end":{"line":43,"column":10}},"7":{"start":{"line":47,"column":8},"end":{"line":51,"column":10}},"8":{"start":{"line":55,"column":8},"end":{"line":59,"column":10}},"9":{"start":{"line":63,"column":8},"end":{"line":67,"column":10}},"10":{"start":{"line":71,"column":8},"end":{"line":75,"column":10}},"11":{"start":{"line":79,"column":8},"end":{"line":83,"column":10}}},"fnMap":{"0":{"name":"(anonymous_0)","decl":{"start":{"line":6,"column":4},"end":{"line":6,"column":5}},"loc":{"start":{"line":6,"column":21},"end":{"line":12,"column":5}},"line":6},"1":{"name":"(anonymous_1)","decl":{"start":{"line":14,"column":4},"end":{"line":14,"column":5}},"loc":{"start":{"line":14,"column":59},"end":{"line":20,"column":5}},"line":14},"2":{"name":"(anonymous_2)","decl":{"start":{"line":22,"column":4},"end":{"line":22,"column":5}},"loc":{"start":{"line":22,"column":50},"end":{"line":28,"column":5}},"line":22},"3":{"name":"(anonymous_3)","decl":{"start":{"line":30,"column":4},"end":{"line":30,"column":5}},"loc":{"start":{"line":30,"column":161},"end":{"line":36,"column":5}},"line":30},"4":{"name":"(anonymous_4)","decl":{"start":{"line":38,"column":4},"end":{"line":38,"column":5}},"loc":{"start":{"line":38,"column":42},"end":{"line":44,"column":5}},"line":38},"5":{"name":"(anonymous_5)","decl":{"start":{"line":46,"column":4},"end":{"line":46,"column":5}},"loc":{"start":{"line":46,"column":39},"end":{"line":52,"column":5}},"line":46},"6":{"name":"(anonymous_6)","decl":{"start":{"line":54,"column":4},"end":{"line":54,"column":5}},"loc":{"start":{"line":54,"column":41},"end":{"line":60,"column":5}},"line":54},"7":{"name":"(anonymous_7)","decl":{"start":{"line":62,"column":4},"end":{"line":62,"column":5}},"loc":{"start":{"line":62,"column":32},"end":{"line":68,"column":5}},"line":62},"8":{"name":"(anonymous_8)","decl":{"start":{"line":70,"column":4},"end":{"line":70,"column":5}},"loc":{"start":{"line":70,"column":151},"end":{"line":76,"column":5}},"line":70},"9":{"name":"(anonymous_9)","decl":{"start":{"line":78,"column":4},"end":{"line":78,"column":5}},"loc":{"start":{"line":78,"column":47},"end":{"line":84,"column":5}},"line":78}},"branchMap":{},"s":{"0":1,"1":1,"2":0,"3":0,"4":0,"5":0,"6":0,"7":0,"8":0,"9":0,"10":0,"11":0},"f":{"0":0,"1":0,"2":0,"3":0,"4":0,"5":0,"6":0,"7":0,"8":0,"9":0},"b":{},"_coverageSchema":"43e27e138ebf9cfc5966b082cf9a028302ed4184","hash":"971ce096922834dcda54121e487f2c137efae404"}
,"/mnt/c/Users/dilaw/Documents/systemutvikling2/miniprosjekt/miniprosjekth19/server/src/DAO/runsqlfile.js": {"path":"/mnt/c/Users/dilaw/Documents/systemutvikling2/miniprosjekt/miniprosjekth19/server/src/DAO/runsqlfile.js","statementMap":{"0":{"start":{"line":3,"column":12},"end":{"line":3,"column":28}},"1":{"start":{"line":4,"column":9},"end":{"line":4,"column":22}},"2":{"start":{"line":5,"column":11},"end":{"line":5,"column":26}},"3":{"start":{"line":7,"column":0},"end":{"line":28,"column":2}},"4":{"start":{"line":8,"column":2},"end":{"line":8,"column":54}},"5":{"start":{"line":9,"column":12},"end":{"line":9,"column":67}},"6":{"start":{"line":10,"column":2},"end":{"line":27,"column":5}},"7":{"start":{"line":11,"column":4},"end":{"line":26,"column":5}},"8":{"start":{"line":12,"column":6},"end":{"line":12,"column":50}},"9":{"start":{"line":13,"column":6},"end":{"line":13,"column":13}},"10":{"start":{"line":15,"column":6},"end":{"line":15,"column":43}},"11":{"start":{"line":16,"column":6},"end":{"line":25,"column":9}},"12":{"start":{"line":17,"column":8},"end":{"line":17,"column":29}},"13":{"start":{"line":18,"column":8},"end":{"line":24,"column":9}},"14":{"start":{"line":19,"column":10},"end":{"line":19,"column":27}},"15":{"start":{"line":20,"column":10},"end":{"line":20,"column":17}},"16":{"start":{"line":22,"column":10},"end":{"line":22,"column":44}},"17":{"start":{"line":23,"column":10},"end":{"line":23,"column":17}}},"fnMap":{"0":{"name":"run","decl":{"start":{"line":7,"column":26},"end":{"line":7,"column":29}},"loc":{"start":{"line":7,"column":52},"end":{"line":28,"column":1}},"line":7},"1":{"name":"(anonymous_1)","decl":{"start":{"line":10,"column":21},"end":{"line":10,"column":22}},"loc":{"start":{"line":10,"column":42},"end":{"line":27,"column":3}},"line":10},"2":{"name":"(anonymous_2)","decl":{"start":{"line":16,"column":28},"end":{"line":16,"column":29}},"loc":{"start":{"line":16,"column":43},"end":{"line":25,"column":7}},"line":16}},"branchMap":{"0":{"loc":{"start":{"line":11,"column":4},"end":{"line":26,"column":5}},"type":"if","locations":[{"start":{"line":11,"column":4},"end":{"line":26,"column":5}},{"start":{"line":11,"column":4},"end":{"line":26,"column":5}}],"line":11},"1":{"loc":{"start":{"line":18,"column":8},"end":{"line":24,"column":9}},"type":"if","locations":[{"start":{"line":18,"column":8},"end":{"line":24,"column":9}},{"start":{"line":18,"column":8},"end":{"line":24,"column":9}}],"line":18}},"s":{"0":1,"1":1,"2":1,"3":1,"4":2,"5":2,"6":2,"7":2,"8":2,"9":2,"10":0,"11":0,"12":0,"13":0,"14":0,"15":0,"16":0,"17":0},"f":{"0":2,"1":2,"2":0},"b":{"0":[2,0],"1":[0,0]},"_coverageSchema":"43e27e138ebf9cfc5966b082cf9a028302ed4184","hash":"08028e902d5059c5ef312f33784d87ccd9bf30f2"}
}
